The system is: Linux - 5.5.13-arch1-1 - x86_64
Compiling the CXX compiler identification source file "CMakeCXXCompilerId.cpp" succeeded.
Compiler: /usr/bin/c++ 
Build flags: 
Id flags:  

The output was:
0


Compilation of the CXX compiler identification source "CMakeCXXCompilerId.cpp" produced "a.out"

The CXX compiler identification is GNU, found in "/home/me/myseeder/build/CMakeFiles/3.17.0/CompilerIdCXX/a.out"

Determining if the CXX compiler works passed with the following output:
Change Dir: /home/me/myseeder/build/CMakeFiles/CMakeTmp

Run Build Command(s):/usr/bin/make cmTC_ac36e/fast && /usr/bin/make -f CMakeFiles/cmTC_ac36e.dir/build.make CMakeFiles/cmTC_ac36e.dir/build
make[1]: Entering directory '/home/me/myseeder/build/CMakeFiles/CMakeTmp'
Building CXX object CMakeFiles/cmTC_ac36e.dir/testCXXCompiler.cxx.o
/usr/bin/c++     -o CMakeFiles/cmTC_ac36e.dir/testCXXCompiler.cxx.o -c /home/me/myseeder/build/CMakeFiles/CMakeTmp/testCXXCompiler.cxx
Linking CXX executable cmTC_ac36e
/usr/bin/cmake -E cmake_link_script CMakeFiles/cmTC_ac36e.dir/link.txt --verbose=1
/usr/bin/c++       CMakeFiles/cmTC_ac36e.dir/testCXXCompiler.cxx.o  -o cmTC_ac36e 
make[1]: Leaving directory '/home/me/myseeder/build/CMakeFiles/CMakeTmp'



Detecting CXX compiler ABI info compiled with the following output:
Change Dir: /home/me/myseeder/build/CMakeFiles/CMakeTmp

Run Build Command(s):/usr/bin/make cmTC_f6546/fast && /usr/bin/make -f CMakeFiles/cmTC_f6546.dir/build.make CMakeFiles/cmTC_f6546.dir/build
make[1]: Entering directory '/home/me/myseeder/build/CMakeFiles/CMakeTmp'
Building CXX object CMakeFiles/cmTC_f6546.dir/CMakeCXXCompilerABI.cpp.o
/usr/bin/c++    -v -o CMakeFiles/cmTC_f6546.dir/CMakeCXXCompilerABI.cpp.o -c /usr/share/cmake-3.17/Modules/CMakeCXXCompilerABI.cpp
Using built-in specs.
COLLECT_GCC=/usr/bin/c++
Target: x86_64-pc-linux-gnu
Configured with: /build/gcc/src/gcc/configure --prefix=/usr --libdir=/usr/lib --libexecdir=/usr/lib --mandir=/usr/share/man --infodir=/usr/share/info --with-pkgversion='Arch Linux 9.3.0-1' --with-bugurl=https://bugs.archlinux.org/ --enable-languages=c,c++,ada,fortran,go,lto,objc,obj-c++,d --enable-shared --enable-threads=posix --with-system-zlib --with-isl --enable-__cxa_atexit --disable-libunwind-exceptions --enable-clocale=gnu --disable-libstdcxx-pch --disable-libssp --enable-gnu-unique-object --enable-linker-build-id --enable-lto --enable-plugin --enable-install-libiberty --with-linker-hash-style=gnu --enable-gnu-indirect-function --enable-multilib --disable-werror --enable-checking=release --enable-default-pie --enable-default-ssp --enable-cet=auto gdc_include_dir=/usr/include/dlang/gdc
Thread model: posix
gcc version 9.3.0 (Arch Linux 9.3.0-1) 
COLLECT_GCC_OPTIONS='-v' '-o' 'CMakeFiles/cmTC_f6546.dir/CMakeCXXCompilerABI.cpp.o' '-c' '-shared-libgcc' '-mtune=generic' '-march=x86-64'
 /usr/lib/gcc/x86_64-pc-linux-gnu/9.3.0/cc1plus -quiet -v -D_GNU_SOURCE /usr/share/cmake-3.17/Modules/CMakeCXXCompilerABI.cpp -quiet -dumpbase CMakeCXXCompilerABI.cpp -mtune=generic -march=x86-64 -auxbase-strip CMakeFiles/cmTC_f6546.dir/CMakeCXXCompilerABI.cpp.o -version -o /tmp/ccR7xiSN.s
GNU C++14 (Arch Linux 9.3.0-1) version 9.3.0 (x86_64-pc-linux-gnu)
	compiled by GNU C version 9.3.0, GMP version 6.2.0, MPFR version 4.0.2, MPC version 1.1.0, isl version isl-0.21-GMP

GGC heuristics: --param ggc-min-expand=100 --param ggc-min-heapsize=131072
ignoring nonexistent directory "/usr/lib/gcc/x86_64-pc-linux-gnu/9.3.0/../../../../x86_64-pc-linux-gnu/include"
#include "..." search starts here:
#include <...> search starts here:
 /usr/lib/gcc/x86_64-pc-linux-gnu/9.3.0/../../../../include/c++/9.3.0
 /usr/lib/gcc/x86_64-pc-linux-gnu/9.3.0/../../../../include/c++/9.3.0/x86_64-pc-linux-gnu
 /usr/lib/gcc/x86_64-pc-linux-gnu/9.3.0/../../../../include/c++/9.3.0/backward
 /usr/lib/gcc/x86_64-pc-linux-gnu/9.3.0/include
 /usr/local/include
 /usr/lib/gcc/x86_64-pc-linux-gnu/9.3.0/include-fixed
 /usr/include
End of search list.
GNU C++14 (Arch Linux 9.3.0-1) version 9.3.0 (x86_64-pc-linux-gnu)
	compiled by GNU C version 9.3.0, GMP version 6.2.0, MPFR version 4.0.2, MPC version 1.1.0, isl version isl-0.21-GMP

GGC heuristics: --param ggc-min-expand=100 --param ggc-min-heapsize=131072
Compiler executable checksum: 814040b5981cd30c081565ed9d15a61c
COLLECT_GCC_OPTIONS='-v' '-o' 'CMakeFiles/cmTC_f6546.dir/CMakeCXXCompilerABI.cpp.o' '-c' '-shared-libgcc' '-mtune=generic' '-march=x86-64'
 as -v --64 -o CMakeFiles/cmTC_f6546.dir/CMakeCXXCompilerABI.cpp.o /tmp/ccR7xiSN.s
GNU assembler version 2.34 (x86_64-pc-linux-gnu) using BFD version (GNU Binutils) 2.34
COMPILER_PATH=/usr/lib/gcc/x86_64-pc-linux-gnu/9.3.0/:/usr/lib/gcc/x86_64-pc-linux-gnu/9.3.0/:/usr/lib/gcc/x86_64-pc-linux-gnu/:/usr/lib/gcc/x86_64-pc-linux-gnu/9.3.0/:/usr/lib/gcc/x86_64-pc-linux-gnu/
LIBRARY_PATH=/usr/lib/gcc/x86_64-pc-linux-gnu/9.3.0/:/usr/lib/gcc/x86_64-pc-linux-gnu/9.3.0/../../../../lib/:/lib/../lib/:/usr/lib/../lib/:/usr/lib/gcc/x86_64-pc-linux-gnu/9.3.0/../../../:/lib/:/usr/lib/
COLLECT_GCC_OPTIONS='-v' '-o' 'CMakeFiles/cmTC_f6546.dir/CMakeCXXCompilerABI.cpp.o' '-c' '-shared-libgcc' '-mtune=generic' '-march=x86-64'
Linking CXX executable cmTC_f6546
/usr/bin/cmake -E cmake_link_script CMakeFiles/cmTC_f6546.dir/link.txt --verbose=1
/usr/bin/c++      -v CMakeFiles/cmTC_f6546.dir/CMakeCXXCompilerABI.cpp.o  -o cmTC_f6546 
Using built-in specs.
COLLECT_GCC=/usr/bin/c++
COLLECT_LTO_WRAPPER=/usr/lib/gcc/x86_64-pc-linux-gnu/9.3.0/lto-wrapper
Target: x86_64-pc-linux-gnu
Configured with: /build/gcc/src/gcc/configure --prefix=/usr --libdir=/usr/lib --libexecdir=/usr/lib --mandir=/usr/share/man --infodir=/usr/share/info --with-pkgversion='Arch Linux 9.3.0-1' --with-bugurl=https://bugs.archlinux.org/ --enable-languages=c,c++,ada,fortran,go,lto,objc,obj-c++,d --enable-shared --enable-threads=posix --with-system-zlib --with-isl --enable-__cxa_atexit --disable-libunwind-exceptions --enable-clocale=gnu --disable-libstdcxx-pch --disable-libssp --enable-gnu-unique-object --enable-linker-build-id --enable-lto --enable-plugin --enable-install-libiberty --with-linker-hash-style=gnu --enable-gnu-indirect-function --enable-multilib --disable-werror --enable-checking=release --enable-default-pie --enable-default-ssp --enable-cet=auto gdc_include_dir=/usr/include/dlang/gdc
Thread model: posix
gcc version 9.3.0 (Arch Linux 9.3.0-1) 
COMPILER_PATH=/usr/lib/gcc/x86_64-pc-linux-gnu/9.3.0/:/usr/lib/gcc/x86_64-pc-linux-gnu/9.3.0/:/usr/lib/gcc/x86_64-pc-linux-gnu/:/usr/lib/gcc/x86_64-pc-linux-gnu/9.3.0/:/usr/lib/gcc/x86_64-pc-linux-gnu/
LIBRARY_PATH=/usr/lib/gcc/x86_64-pc-linux-gnu/9.3.0/:/usr/lib/gcc/x86_64-pc-linux-gnu/9.3.0/../../../../lib/:/lib/../lib/:/usr/lib/../lib/:/usr/lib/gcc/x86_64-pc-linux-gnu/9.3.0/../../../:/lib/:/usr/lib/
COLLECT_GCC_OPTIONS='-v' '-o' 'cmTC_f6546' '-shared-libgcc' '-mtune=generic' '-march=x86-64'
 /usr/lib/gcc/x86_64-pc-linux-gnu/9.3.0/collect2 -plugin /usr/lib/gcc/x86_64-pc-linux-gnu/9.3.0/liblto_plugin.so -plugin-opt=/usr/lib/gcc/x86_64-pc-linux-gnu/9.3.0/lto-wrapper -plugin-opt=-fresolution=/tmp/ccM1CSYa.res -plugin-opt=-pass-through=-lgcc_s -plugin-opt=-pass-through=-lgcc -plugin-opt=-pass-through=-lc -plugin-opt=-pass-through=-lgcc_s -plugin-opt=-pass-through=-lgcc --build-id --eh-frame-hdr --hash-style=gnu -m elf_x86_64 -dynamic-linker /lib64/ld-linux-x86-64.so.2 -pie -o cmTC_f6546 /usr/lib/gcc/x86_64-pc-linux-gnu/9.3.0/../../../../lib/Scrt1.o /usr/lib/gcc/x86_64-pc-linux-gnu/9.3.0/../../../../lib/crti.o /usr/lib/gcc/x86_64-pc-linux-gnu/9.3.0/crtbeginS.o -L/usr/lib/gcc/x86_64-pc-linux-gnu/9.3.0 -L/usr/lib/gcc/x86_64-pc-linux-gnu/9.3.0/../../../../lib -L/lib/../lib -L/usr/lib/../lib -L/usr/lib/gcc/x86_64-pc-linux-gnu/9.3.0/../../.. CMakeFiles/cmTC_f6546.dir/CMakeCXXCompilerABI.cpp.o -lstdc++ -lm -lgcc_s -lgcc -lc -lgcc_s -lgcc /usr/lib/gcc/x86_64-pc-linux-gnu/9.3.0/crtendS.o /usr/lib/gcc/x86_64-pc-linux-gnu/9.3.0/../../../../lib/crtn.o
COLLECT_GCC_OPTIONS='-v' '-o' 'cmTC_f6546' '-shared-libgcc' '-mtune=generic' '-march=x86-64'
make[1]: Leaving directory '/home/me/myseeder/build/CMakeFiles/CMakeTmp'



Parsed CXX implicit include dir info from above output: rv=done
  found start of include info
  found start of implicit include info
    add: [/usr/lib/gcc/x86_64-pc-linux-gnu/9.3.0/../../../../include/c++/9.3.0]
    add: [/usr/lib/gcc/x86_64-pc-linux-gnu/9.3.0/../../../../include/c++/9.3.0/x86_64-pc-linux-gnu]
    add: [/usr/lib/gcc/x86_64-pc-linux-gnu/9.3.0/../../../../include/c++/9.3.0/backward]
    add: [/usr/lib/gcc/x86_64-pc-linux-gnu/9.3.0/include]
    add: [/usr/local/include]
    add: [/usr/lib/gcc/x86_64-pc-linux-gnu/9.3.0/include-fixed]
    add: [/usr/include]
  end of search list found
  collapse include dir [/usr/lib/gcc/x86_64-pc-linux-gnu/9.3.0/../../../../include/c++/9.3.0] ==> [/usr/include/c++/9.3.0]
  collapse include dir [/usr/lib/gcc/x86_64-pc-linux-gnu/9.3.0/../../../../include/c++/9.3.0/x86_64-pc-linux-gnu] ==> [/usr/include/c++/9.3.0/x86_64-pc-linux-gnu]
  collapse include dir [/usr/lib/gcc/x86_64-pc-linux-gnu/9.3.0/../../../../include/c++/9.3.0/backward] ==> [/usr/include/c++/9.3.0/backward]
  collapse include dir [/usr/lib/gcc/x86_64-pc-linux-gnu/9.3.0/include] ==> [/usr/lib/gcc/x86_64-pc-linux-gnu/9.3.0/include]
  collapse include dir [/usr/local/include] ==> [/usr/local/include]
  collapse include dir [/usr/lib/gcc/x86_64-pc-linux-gnu/9.3.0/include-fixed] ==> [/usr/lib/gcc/x86_64-pc-linux-gnu/9.3.0/include-fixed]
  collapse include dir [/usr/include] ==> [/usr/include]
  implicit include dirs: [/usr/include/c++/9.3.0;/usr/include/c++/9.3.0/x86_64-pc-linux-gnu;/usr/include/c++/9.3.0/backward;/usr/lib/gcc/x86_64-pc-linux-gnu/9.3.0/include;/usr/local/include;/usr/lib/gcc/x86_64-pc-linux-gnu/9.3.0/include-fixed;/usr/include]


Parsed CXX implicit link information from above output:
  link line regex: [^( *|.*[/\])(ld|CMAKE_LINK_STARTFILE-NOTFOUND|([^/\]+-)?ld|collect2)[^/\]*( |$)]
  ignore line: [Change Dir: /home/me/myseeder/build/CMakeFiles/CMakeTmp]
  ignore line: []
  ignore line: [Run Build Command(s):/usr/bin/make cmTC_f6546/fast && /usr/bin/make -f CMakeFiles/cmTC_f6546.dir/build.make CMakeFiles/cmTC_f6546.dir/build]
  ignore line: [make[1]: Entering directory '/home/me/myseeder/build/CMakeFiles/CMakeTmp']
  ignore line: [Building CXX object CMakeFiles/cmTC_f6546.dir/CMakeCXXCompilerABI.cpp.o]
  ignore line: [/usr/bin/c++    -v -o CMakeFiles/cmTC_f6546.dir/CMakeCXXCompilerABI.cpp.o -c /usr/share/cmake-3.17/Modules/CMakeCXXCompilerABI.cpp]
  ignore line: [Using built-in specs.]
  ignore line: [COLLECT_GCC=/usr/bin/c++]
  ignore line: [Target: x86_64-pc-linux-gnu]
  ignore line: [Configured with: /build/gcc/src/gcc/configure --prefix=/usr --libdir=/usr/lib --libexecdir=/usr/lib --mandir=/usr/share/man --infodir=/usr/share/info --with-pkgversion='Arch Linux 9.3.0-1' --with-bugurl=https://bugs.archlinux.org/ --enable-languages=c c++ ada fortran go lto objc obj-c++ d --enable-shared --enable-threads=posix --with-system-zlib --with-isl --enable-__cxa_atexit --disable-libunwind-exceptions --enable-clocale=gnu --disable-libstdcxx-pch --disable-libssp --enable-gnu-unique-object --enable-linker-build-id --enable-lto --enable-plugin --enable-install-libiberty --with-linker-hash-style=gnu --enable-gnu-indirect-function --enable-multilib --disable-werror --enable-checking=release --enable-default-pie --enable-default-ssp --enable-cet=auto gdc_include_dir=/usr/include/dlang/gdc]
  ignore line: [Thread model: posix]
  ignore line: [gcc version 9.3.0 (Arch Linux 9.3.0-1) ]
  ignore line: [COLLECT_GCC_OPTIONS='-v' '-o' 'CMakeFiles/cmTC_f6546.dir/CMakeCXXCompilerABI.cpp.o' '-c' '-shared-libgcc' '-mtune=generic' '-march=x86-64']
  ignore line: [ /usr/lib/gcc/x86_64-pc-linux-gnu/9.3.0/cc1plus -quiet -v -D_GNU_SOURCE /usr/share/cmake-3.17/Modules/CMakeCXXCompilerABI.cpp -quiet -dumpbase CMakeCXXCompilerABI.cpp -mtune=generic -march=x86-64 -auxbase-strip CMakeFiles/cmTC_f6546.dir/CMakeCXXCompilerABI.cpp.o -version -o /tmp/ccR7xiSN.s]
  ignore line: [GNU C++14 (Arch Linux 9.3.0-1) version 9.3.0 (x86_64-pc-linux-gnu)]
  ignore line: [	compiled by GNU C version 9.3.0  GMP version 6.2.0  MPFR version 4.0.2  MPC version 1.1.0  isl version isl-0.21-GMP]
  ignore line: []
  ignore line: [GGC heuristics: --param ggc-min-expand=100 --param ggc-min-heapsize=131072]
  ignore line: [ignoring nonexistent directory "/usr/lib/gcc/x86_64-pc-linux-gnu/9.3.0/../../../../x86_64-pc-linux-gnu/include"]
  ignore line: [#include "..." search starts here:]
  ignore line: [#include <...> search starts here:]
  ignore line: [ /usr/lib/gcc/x86_64-pc-linux-gnu/9.3.0/../../../../include/c++/9.3.0]
  ignore line: [ /usr/lib/gcc/x86_64-pc-linux-gnu/9.3.0/../../../../include/c++/9.3.0/x86_64-pc-linux-gnu]
  ignore line: [ /usr/lib/gcc/x86_64-pc-linux-gnu/9.3.0/../../../../include/c++/9.3.0/backward]
  ignore line: [ /usr/lib/gcc/x86_64-pc-linux-gnu/9.3.0/include]
  ignore line: [ /usr/local/include]
  ignore line: [ /usr/lib/gcc/x86_64-pc-linux-gnu/9.3.0/include-fixed]
  ignore line: [ /usr/include]
  ignore line: [End of search list.]
  ignore line: [GNU C++14 (Arch Linux 9.3.0-1) version 9.3.0 (x86_64-pc-linux-gnu)]
  ignore line: [	compiled by GNU C version 9.3.0  GMP version 6.2.0  MPFR version 4.0.2  MPC version 1.1.0  isl version isl-0.21-GMP]
  ignore line: []
  ignore line: [GGC heuristics: --param ggc-min-expand=100 --param ggc-min-heapsize=131072]
  ignore line: [Compiler executable checksum: 814040b5981cd30c081565ed9d15a61c]
  ignore line: [COLLECT_GCC_OPTIONS='-v' '-o' 'CMakeFiles/cmTC_f6546.dir/CMakeCXXCompilerABI.cpp.o' '-c' '-shared-libgcc' '-mtune=generic' '-march=x86-64']
  ignore line: [ as -v --64 -o CMakeFiles/cmTC_f6546.dir/CMakeCXXCompilerABI.cpp.o /tmp/ccR7xiSN.s]
  ignore line: [GNU assembler version 2.34 (x86_64-pc-linux-gnu) using BFD version (GNU Binutils) 2.34]
  ignore line: [COMPILER_PATH=/usr/lib/gcc/x86_64-pc-linux-gnu/9.3.0/:/usr/lib/gcc/x86_64-pc-linux-gnu/9.3.0/:/usr/lib/gcc/x86_64-pc-linux-gnu/:/usr/lib/gcc/x86_64-pc-linux-gnu/9.3.0/:/usr/lib/gcc/x86_64-pc-linux-gnu/]
  ignore line: [LIBRARY_PATH=/usr/lib/gcc/x86_64-pc-linux-gnu/9.3.0/:/usr/lib/gcc/x86_64-pc-linux-gnu/9.3.0/../../../../lib/:/lib/../lib/:/usr/lib/../lib/:/usr/lib/gcc/x86_64-pc-linux-gnu/9.3.0/../../../:/lib/:/usr/lib/]
  ignore line: [COLLECT_GCC_OPTIONS='-v' '-o' 'CMakeFiles/cmTC_f6546.dir/CMakeCXXCompilerABI.cpp.o' '-c' '-shared-libgcc' '-mtune=generic' '-march=x86-64']
  ignore line: [Linking CXX executable cmTC_f6546]
  ignore line: [/usr/bin/cmake -E cmake_link_script CMakeFiles/cmTC_f6546.dir/link.txt --verbose=1]
  ignore line: [/usr/bin/c++      -v CMakeFiles/cmTC_f6546.dir/CMakeCXXCompilerABI.cpp.o  -o cmTC_f6546 ]
  ignore line: [Using built-in specs.]
  ignore line: [COLLECT_GCC=/usr/bin/c++]
  ignore line: [COLLECT_LTO_WRAPPER=/usr/lib/gcc/x86_64-pc-linux-gnu/9.3.0/lto-wrapper]
  ignore line: [Target: x86_64-pc-linux-gnu]
  ignore line: [Configured with: /build/gcc/src/gcc/configure --prefix=/usr --libdir=/usr/lib --libexecdir=/usr/lib --mandir=/usr/share/man --infodir=/usr/share/info --with-pkgversion='Arch Linux 9.3.0-1' --with-bugurl=https://bugs.archlinux.org/ --enable-languages=c c++ ada fortran go lto objc obj-c++ d --enable-shared --enable-threads=posix --with-system-zlib --with-isl --enable-__cxa_atexit --disable-libunwind-exceptions --enable-clocale=gnu --disable-libstdcxx-pch --disable-libssp --enable-gnu-unique-object --enable-linker-build-id --enable-lto --enable-plugin --enable-install-libiberty --with-linker-hash-style=gnu --enable-gnu-indirect-function --enable-multilib --disable-werror --enable-checking=release --enable-default-pie --enable-default-ssp --enable-cet=auto gdc_include_dir=/usr/include/dlang/gdc]
  ignore line: [Thread model: posix]
  ignore line: [gcc version 9.3.0 (Arch Linux 9.3.0-1) ]
  ignore line: [COMPILER_PATH=/usr/lib/gcc/x86_64-pc-linux-gnu/9.3.0/:/usr/lib/gcc/x86_64-pc-linux-gnu/9.3.0/:/usr/lib/gcc/x86_64-pc-linux-gnu/:/usr/lib/gcc/x86_64-pc-linux-gnu/9.3.0/:/usr/lib/gcc/x86_64-pc-linux-gnu/]
  ignore line: [LIBRARY_PATH=/usr/lib/gcc/x86_64-pc-linux-gnu/9.3.0/:/usr/lib/gcc/x86_64-pc-linux-gnu/9.3.0/../../../../lib/:/lib/../lib/:/usr/lib/../lib/:/usr/lib/gcc/x86_64-pc-linux-gnu/9.3.0/../../../:/lib/:/usr/lib/]
  ignore line: [COLLECT_GCC_OPTIONS='-v' '-o' 'cmTC_f6546' '-shared-libgcc' '-mtune=generic' '-march=x86-64']
  link line: [ /usr/lib/gcc/x86_64-pc-linux-gnu/9.3.0/collect2 -plugin /usr/lib/gcc/x86_64-pc-linux-gnu/9.3.0/liblto_plugin.so -plugin-opt=/usr/lib/gcc/x86_64-pc-linux-gnu/9.3.0/lto-wrapper -plugin-opt=-fresolution=/tmp/ccM1CSYa.res -plugin-opt=-pass-through=-lgcc_s -plugin-opt=-pass-through=-lgcc -plugin-opt=-pass-through=-lc -plugin-opt=-pass-through=-lgcc_s -plugin-opt=-pass-through=-lgcc --build-id --eh-frame-hdr --hash-style=gnu -m elf_x86_64 -dynamic-linker /lib64/ld-linux-x86-64.so.2 -pie -o cmTC_f6546 /usr/lib/gcc/x86_64-pc-linux-gnu/9.3.0/../../../../lib/Scrt1.o /usr/lib/gcc/x86_64-pc-linux-gnu/9.3.0/../../../../lib/crti.o /usr/lib/gcc/x86_64-pc-linux-gnu/9.3.0/crtbeginS.o -L/usr/lib/gcc/x86_64-pc-linux-gnu/9.3.0 -L/usr/lib/gcc/x86_64-pc-linux-gnu/9.3.0/../../../../lib -L/lib/../lib -L/usr/lib/../lib -L/usr/lib/gcc/x86_64-pc-linux-gnu/9.3.0/../../.. CMakeFiles/cmTC_f6546.dir/CMakeCXXCompilerABI.cpp.o -lstdc++ -lm -lgcc_s -lgcc -lc -lgcc_s -lgcc /usr/lib/gcc/x86_64-pc-linux-gnu/9.3.0/crtendS.o /usr/lib/gcc/x86_64-pc-linux-gnu/9.3.0/../../../../lib/crtn.o]
    arg [/usr/lib/gcc/x86_64-pc-linux-gnu/9.3.0/collect2] ==> ignore
    arg [-plugin] ==> ignore
    arg [/usr/lib/gcc/x86_64-pc-linux-gnu/9.3.0/liblto_plugin.so] ==> ignore
    arg [-plugin-opt=/usr/lib/gcc/x86_64-pc-linux-gnu/9.3.0/lto-wrapper] ==> ignore
    arg [-plugin-opt=-fresolution=/tmp/ccM1CSYa.res] ==> ignore
    arg [-plugin-opt=-pass-through=-lgcc_s] ==> ignore
    arg [-plugin-opt=-pass-through=-lgcc] ==> ignore
    arg [-plugin-opt=-pass-through=-lc] ==> ignore
    arg [-plugin-opt=-pass-through=-lgcc_s] ==> ignore
    arg [-plugin-opt=-pass-through=-lgcc] ==> ignore
    arg [--build-id] ==> ignore
    arg [--eh-frame-hdr] ==> ignore
    arg [--hash-style=gnu] ==> ignore
    arg [-m] ==> ignore
    arg [elf_x86_64] ==> ignore
    arg [-dynamic-linker] ==> ignore
    arg [/lib64/ld-linux-x86-64.so.2] ==> ignore
    arg [-pie] ==> ignore
    arg [-o] ==> ignore
    arg [cmTC_f6546] ==> ignore
    arg [/usr/lib/gcc/x86_64-pc-linux-gnu/9.3.0/../../../../lib/Scrt1.o] ==> ignore
    arg [/usr/lib/gcc/x86_64-pc-linux-gnu/9.3.0/../../../../lib/crti.o] ==> ignore
    arg [/usr/lib/gcc/x86_64-pc-linux-gnu/9.3.0/crtbeginS.o] ==> ignore
    arg [-L/usr/lib/gcc/x86_64-pc-linux-gnu/9.3.0] ==> dir [/usr/lib/gcc/x86_64-pc-linux-gnu/9.3.0]
    arg [-L/usr/lib/gcc/x86_64-pc-linux-gnu/9.3.0/../../../../lib] ==> dir [/usr/lib/gcc/x86_64-pc-linux-gnu/9.3.0/../../../../lib]
    arg [-L/lib/../lib] ==> dir [/lib/../lib]
    arg [-L/usr/lib/../lib] ==> dir [/usr/lib/../lib]
    arg [-L/usr/lib/gcc/x86_64-pc-linux-gnu/9.3.0/../../..] ==> dir [/usr/lib/gcc/x86_64-pc-linux-gnu/9.3.0/../../..]
    arg [CMakeFiles/cmTC_f6546.dir/CMakeCXXCompilerABI.cpp.o] ==> ignore
    arg [-lstdc++] ==> lib [stdc++]
    arg [-lm] ==> lib [m]
    arg [-lgcc_s] ==> lib [gcc_s]
    arg [-lgcc] ==> lib [gcc]
    arg [-lc] ==> lib [c]
    arg [-lgcc_s] ==> lib [gcc_s]
    arg [-lgcc] ==> lib [gcc]
    arg [/usr/lib/gcc/x86_64-pc-linux-gnu/9.3.0/crtendS.o] ==> ignore
    arg [/usr/lib/gcc/x86_64-pc-linux-gnu/9.3.0/../../../../lib/crtn.o] ==> ignore
  collapse library dir [/usr/lib/gcc/x86_64-pc-linux-gnu/9.3.0] ==> [/usr/lib/gcc/x86_64-pc-linux-gnu/9.3.0]
  collapse library dir [/usr/lib/gcc/x86_64-pc-linux-gnu/9.3.0/../../../../lib] ==> [/usr/lib]
  collapse library dir [/lib/../lib] ==> [/lib]
  collapse library dir [/usr/lib/../lib] ==> [/usr/lib]
  collapse library dir [/usr/lib/gcc/x86_64-pc-linux-gnu/9.3.0/../../..] ==> [/usr/lib]
  implicit libs: [stdc++;m;gcc_s;gcc;c;gcc_s;gcc]
  implicit dirs: [/usr/lib/gcc/x86_64-pc-linux-gnu/9.3.0;/usr/lib;/lib]
  implicit fwks: []


Performing C++ SOURCE FILE Test CXX17_FLAG succeeded with the following output:
Change Dir: /home/me/myseeder/build/CMakeFiles/CMakeTmp

Run Build Command(s):/usr/bin/make cmTC_69dc9/fast && /usr/bin/make -f CMakeFiles/cmTC_69dc9.dir/build.make CMakeFiles/cmTC_69dc9.dir/build
make[1]: Entering directory '/home/me/myseeder/build/CMakeFiles/CMakeTmp'
Building CXX object CMakeFiles/cmTC_69dc9.dir/src.cxx.o
/usr/bin/c++   -I/home/me/myseeder/seqan3/include -I/home/me/myseeder/seqan3/submodules/sdsl-lite/include -I/home/me/myseeder/seqan3/submodules/range-v3/include -I/home/me/myseeder/seqan3/submodules/cereal/include  -DCXX17_FLAG  -std=c++17   -o CMakeFiles/cmTC_69dc9.dir/src.cxx.o -c /home/me/myseeder/build/CMakeFiles/CMakeTmp/src.cxx
Linking CXX executable cmTC_69dc9
/usr/bin/cmake -E cmake_link_script CMakeFiles/cmTC_69dc9.dir/link.txt --verbose=1
/usr/bin/c++   -DCXX17_FLAG  -std=c++17    CMakeFiles/cmTC_69dc9.dir/src.cxx.o  -o cmTC_69dc9 
make[1]: Leaving directory '/home/me/myseeder/build/CMakeFiles/CMakeTmp'


Source file was:
#if !defined (__cplusplus) || (__cplusplus < 201703L)
    #error NOCXX17
    #endif
    int main() {}
Performing C++ SOURCE FILE Test CONCEPTS_FLAG-fconcepts succeeded with the following output:
Change Dir: /home/me/myseeder/build/CMakeFiles/CMakeTmp

Run Build Command(s):/usr/bin/make cmTC_8ae11/fast && /usr/bin/make -f CMakeFiles/cmTC_8ae11.dir/build.make CMakeFiles/cmTC_8ae11.dir/build
make[1]: Entering directory '/home/me/myseeder/build/CMakeFiles/CMakeTmp'
Building CXX object CMakeFiles/cmTC_8ae11.dir/src.cxx.o
/usr/bin/c++   -I/home/me/myseeder/seqan3/include -I/home/me/myseeder/seqan3/submodules/sdsl-lite/include -I/home/me/myseeder/seqan3/submodules/range-v3/include -I/home/me/myseeder/seqan3/submodules/cereal/include  -DCONCEPTS_FLAG-fconcepts  -std=c++17 -fconcepts   -o CMakeFiles/cmTC_8ae11.dir/src.cxx.o -c /home/me/myseeder/build/CMakeFiles/CMakeTmp/src.cxx
<command-line>: warning: ISO C++11 requires whitespace after the macro name
Linking CXX executable cmTC_8ae11
/usr/bin/cmake -E cmake_link_script CMakeFiles/cmTC_8ae11.dir/link.txt --verbose=1
/usr/bin/c++   -DCONCEPTS_FLAG-fconcepts  -std=c++17 -fconcepts    CMakeFiles/cmTC_8ae11.dir/src.cxx.o  -o cmTC_8ae11 
make[1]: Leaving directory '/home/me/myseeder/build/CMakeFiles/CMakeTmp'


Source file was:
static_assert (__cpp_concepts >= 201507);
    int main() {}
Determining if the include file filesystem exists passed with the following output:
Change Dir: /home/me/myseeder/build/CMakeFiles/CMakeTmp

Run Build Command(s):/usr/bin/make cmTC_3be9f/fast && /usr/bin/make -f CMakeFiles/cmTC_3be9f.dir/build.make CMakeFiles/cmTC_3be9f.dir/build
make[1]: Entering directory '/home/me/myseeder/build/CMakeFiles/CMakeTmp'
Building CXX object CMakeFiles/cmTC_3be9f.dir/CheckIncludeFile.cxx.o
/usr/bin/c++   -I/home/me/myseeder/seqan3/include -I/home/me/myseeder/seqan3/submodules/sdsl-lite/include -I/home/me/myseeder/seqan3/submodules/range-v3/include -I/home/me/myseeder/seqan3/submodules/cereal/include  -std=c++17 -fconcepts   -o CMakeFiles/cmTC_3be9f.dir/CheckIncludeFile.cxx.o -c /home/me/myseeder/build/CMakeFiles/CMakeTmp/CheckIncludeFile.cxx
Linking CXX executable cmTC_3be9f
/usr/bin/cmake -E cmake_link_script CMakeFiles/cmTC_3be9f.dir/link.txt --verbose=1
/usr/bin/c++    -std=c++17 -fconcepts    CMakeFiles/cmTC_3be9f.dir/CheckIncludeFile.cxx.o  -o cmTC_3be9f 
make[1]: Leaving directory '/home/me/myseeder/build/CMakeFiles/CMakeTmp'



Determining if the include file experimental/filesystem exists passed with the following output:
Change Dir: /home/me/myseeder/build/CMakeFiles/CMakeTmp

Run Build Command(s):/usr/bin/make cmTC_ae10a/fast && /usr/bin/make -f CMakeFiles/cmTC_ae10a.dir/build.make CMakeFiles/cmTC_ae10a.dir/build
make[1]: Entering directory '/home/me/myseeder/build/CMakeFiles/CMakeTmp'
Building CXX object CMakeFiles/cmTC_ae10a.dir/CheckIncludeFile.cxx.o
/usr/bin/c++   -I/home/me/myseeder/seqan3/include -I/home/me/myseeder/seqan3/submodules/sdsl-lite/include -I/home/me/myseeder/seqan3/submodules/range-v3/include -I/home/me/myseeder/seqan3/submodules/cereal/include  -std=c++17 -fconcepts   -o CMakeFiles/cmTC_ae10a.dir/CheckIncludeFile.cxx.o -c /home/me/myseeder/build/CMakeFiles/CMakeTmp/CheckIncludeFile.cxx
Linking CXX executable cmTC_ae10a
/usr/bin/cmake -E cmake_link_script CMakeFiles/cmTC_ae10a.dir/link.txt --verbose=1
/usr/bin/c++    -std=c++17 -fconcepts    CMakeFiles/cmTC_ae10a.dir/CheckIncludeFile.cxx.o  -o cmTC_ae10a 
make[1]: Leaving directory '/home/me/myseeder/build/CMakeFiles/CMakeTmp'



Performing C++ SOURCE FILE Test C++17FS_BUILTIN succeeded with the following output:
Change Dir: /home/me/myseeder/build/CMakeFiles/CMakeTmp

Run Build Command(s):/usr/bin/make cmTC_efb75/fast && /usr/bin/make -f CMakeFiles/cmTC_efb75.dir/build.make CMakeFiles/cmTC_efb75.dir/build
make[1]: Entering directory '/home/me/myseeder/build/CMakeFiles/CMakeTmp'
Building CXX object CMakeFiles/cmTC_efb75.dir/src.cxx.o
/usr/bin/c++   -I/home/me/myseeder/seqan3/include -I/home/me/myseeder/seqan3/submodules/sdsl-lite/include -I/home/me/myseeder/seqan3/submodules/range-v3/include -I/home/me/myseeder/seqan3/submodules/cereal/include  -DC++17FS_BUILTIN  -std=c++17 -fconcepts   -o CMakeFiles/cmTC_efb75.dir/src.cxx.o -c /home/me/myseeder/build/CMakeFiles/CMakeTmp/src.cxx
<command-line>: warning: ISO C++11 requires whitespace after the macro name
Linking CXX executable cmTC_efb75
/usr/bin/cmake -E cmake_link_script CMakeFiles/cmTC_efb75.dir/link.txt --verbose=1
/usr/bin/c++   -DC++17FS_BUILTIN  -std=c++17 -fconcepts    CMakeFiles/cmTC_efb75.dir/src.cxx.o  -o cmTC_efb75 
make[1]: Leaving directory '/home/me/myseeder/build/CMakeFiles/CMakeTmp'


Source file was:
#include <filesystem>
        int main()
        {
            std::filesystem::path p{"	mp/"};
            throw std::filesystem::filesystem_error("Empty file name!", std::make_error_code(std::errc::invalid_argument));
        }
Determining if the include file pthread.h exists passed with the following output:
Change Dir: /home/me/myseeder/build/CMakeFiles/CMakeTmp

Run Build Command(s):/usr/bin/make cmTC_676a4/fast && /usr/bin/make -f CMakeFiles/cmTC_676a4.dir/build.make CMakeFiles/cmTC_676a4.dir/build
make[1]: Entering directory '/home/me/myseeder/build/CMakeFiles/CMakeTmp'
Building CXX object CMakeFiles/cmTC_676a4.dir/CheckIncludeFile.cxx.o
/usr/bin/c++   -I/home/me/myseeder/seqan3/include -I/home/me/myseeder/seqan3/submodules/sdsl-lite/include -I/home/me/myseeder/seqan3/submodules/range-v3/include -I/home/me/myseeder/seqan3/submodules/cereal/include  -std=c++17 -fconcepts   -o CMakeFiles/cmTC_676a4.dir/CheckIncludeFile.cxx.o -c /home/me/myseeder/build/CMakeFiles/CMakeTmp/CheckIncludeFile.cxx
Linking CXX executable cmTC_676a4
/usr/bin/cmake -E cmake_link_script CMakeFiles/cmTC_676a4.dir/link.txt --verbose=1
/usr/bin/c++    -std=c++17 -fconcepts    CMakeFiles/cmTC_676a4.dir/CheckIncludeFile.cxx.o  -o cmTC_676a4 
make[1]: Leaving directory '/home/me/myseeder/build/CMakeFiles/CMakeTmp'



Determining if the include file range/v3/version.hpp exists passed with the following output:
Change Dir: /home/me/myseeder/build/CMakeFiles/CMakeTmp

Run Build Command(s):/usr/bin/make cmTC_fea57/fast && /usr/bin/make -f CMakeFiles/cmTC_fea57.dir/build.make CMakeFiles/cmTC_fea57.dir/build
make[1]: Entering directory '/home/me/myseeder/build/CMakeFiles/CMakeTmp'
Building CXX object CMakeFiles/cmTC_fea57.dir/CheckIncludeFile.cxx.o
/usr/bin/c++   -I/home/me/myseeder/seqan3/include -I/home/me/myseeder/seqan3/submodules/sdsl-lite/include -I/home/me/myseeder/seqan3/submodules/range-v3/include -I/home/me/myseeder/seqan3/submodules/cereal/include  -std=c++17 -fconcepts   -o CMakeFiles/cmTC_fea57.dir/CheckIncludeFile.cxx.o -c /home/me/myseeder/build/CMakeFiles/CMakeTmp/CheckIncludeFile.cxx
Linking CXX executable cmTC_fea57
/usr/bin/cmake -E cmake_link_script CMakeFiles/cmTC_fea57.dir/link.txt --verbose=1
/usr/bin/c++    -std=c++17 -fconcepts    CMakeFiles/cmTC_fea57.dir/CheckIncludeFile.cxx.o  -o cmTC_fea57 
make[1]: Leaving directory '/home/me/myseeder/build/CMakeFiles/CMakeTmp'



Determining if the include file sdsl/version.hpp exists passed with the following output:
Change Dir: /home/me/myseeder/build/CMakeFiles/CMakeTmp

Run Build Command(s):/usr/bin/make cmTC_24f96/fast && /usr/bin/make -f CMakeFiles/cmTC_24f96.dir/build.make CMakeFiles/cmTC_24f96.dir/build
make[1]: Entering directory '/home/me/myseeder/build/CMakeFiles/CMakeTmp'
Building CXX object CMakeFiles/cmTC_24f96.dir/CheckIncludeFile.cxx.o
/usr/bin/c++   -I/home/me/myseeder/seqan3/include -I/home/me/myseeder/seqan3/submodules/sdsl-lite/include -I/home/me/myseeder/seqan3/submodules/range-v3/include -I/home/me/myseeder/seqan3/submodules/cereal/include  -std=c++17 -fconcepts   -o CMakeFiles/cmTC_24f96.dir/CheckIncludeFile.cxx.o -c /home/me/myseeder/build/CMakeFiles/CMakeTmp/CheckIncludeFile.cxx
Linking CXX executable cmTC_24f96
/usr/bin/cmake -E cmake_link_script CMakeFiles/cmTC_24f96.dir/link.txt --verbose=1
/usr/bin/c++    -std=c++17 -fconcepts    CMakeFiles/cmTC_24f96.dir/CheckIncludeFile.cxx.o  -o cmTC_24f96 
make[1]: Leaving directory '/home/me/myseeder/build/CMakeFiles/CMakeTmp'



Determining if the include file cereal/cereal.hpp exists passed with the following output:
Change Dir: /home/me/myseeder/build/CMakeFiles/CMakeTmp

Run Build Command(s):/usr/bin/make cmTC_d995d/fast && /usr/bin/make -f CMakeFiles/cmTC_d995d.dir/build.make CMakeFiles/cmTC_d995d.dir/build
make[1]: Entering directory '/home/me/myseeder/build/CMakeFiles/CMakeTmp'
Building CXX object CMakeFiles/cmTC_d995d.dir/CheckIncludeFile.cxx.o
/usr/bin/c++   -I/home/me/myseeder/seqan3/include -I/home/me/myseeder/seqan3/submodules/sdsl-lite/include -I/home/me/myseeder/seqan3/submodules/range-v3/include -I/home/me/myseeder/seqan3/submodules/cereal/include  -std=c++17 -fconcepts   -o CMakeFiles/cmTC_d995d.dir/CheckIncludeFile.cxx.o -c /home/me/myseeder/build/CMakeFiles/CMakeTmp/CheckIncludeFile.cxx
Linking CXX executable cmTC_d995d
/usr/bin/cmake -E cmake_link_script CMakeFiles/cmTC_d995d.dir/link.txt --verbose=1
/usr/bin/c++    -std=c++17 -fconcepts    CMakeFiles/cmTC_d995d.dir/CheckIncludeFile.cxx.o  -o cmTC_d995d 
make[1]: Leaving directory '/home/me/myseeder/build/CMakeFiles/CMakeTmp'



Determining if the BZ2_bzCompressInit exist passed with the following output:
Change Dir: /home/me/myseeder/build/CMakeFiles/CMakeTmp

Run Build Command(s):/usr/bin/make cmTC_694fe/fast && /usr/bin/make -f CMakeFiles/cmTC_694fe.dir/build.make CMakeFiles/cmTC_694fe.dir/build
make[1]: Entering directory '/home/me/myseeder/build/CMakeFiles/CMakeTmp'
Building CXX object CMakeFiles/cmTC_694fe.dir/CheckSymbolExists.cxx.o
/usr/bin/c++    -std=c++17 -fconcepts   -o CMakeFiles/cmTC_694fe.dir/CheckSymbolExists.cxx.o -c /home/me/myseeder/build/CMakeFiles/CMakeTmp/CheckSymbolExists.cxx
Linking CXX executable cmTC_694fe
/usr/bin/cmake -E cmake_link_script CMakeFiles/cmTC_694fe.dir/link.txt --verbose=1
/usr/bin/c++    -std=c++17 -fconcepts    CMakeFiles/cmTC_694fe.dir/CheckSymbolExists.cxx.o  -o cmTC_694fe  /usr/lib/libbz2.so 
make[1]: Leaving directory '/home/me/myseeder/build/CMakeFiles/CMakeTmp'


File /home/me/myseeder/build/CMakeFiles/CMakeTmp/CheckSymbolExists.cxx:
/* */
#include <bzlib.h>

int main(int argc, char** argv)
{
  (void)argv;
#ifndef BZ2_bzCompressInit
  return ((int*)(&BZ2_bzCompressInit))[argc];
#else
  (void)argc;
  return 0;
#endif
}
Determining if the include file execinfo.h exists passed with the following output:
Change Dir: /home/me/myseeder/build/CMakeFiles/CMakeTmp

Run Build Command(s):/usr/bin/make cmTC_d11e9/fast && /usr/bin/make -f CMakeFiles/cmTC_d11e9.dir/build.make CMakeFiles/cmTC_d11e9.dir/build
make[1]: Entering directory '/home/me/myseeder/build/CMakeFiles/CMakeTmp'
Building CXX object CMakeFiles/cmTC_d11e9.dir/CheckIncludeFile.cxx.o
/usr/bin/c++   -I/home/me/myseeder/seqan3/include -I/home/me/myseeder/seqan3/submodules/sdsl-lite/include -I/home/me/myseeder/seqan3/submodules/range-v3/include -I/home/me/myseeder/seqan3/submodules/cereal/include  -std=c++17 -fconcepts   -o CMakeFiles/cmTC_d11e9.dir/CheckIncludeFile.cxx.o -c /home/me/myseeder/build/CMakeFiles/CMakeTmp/CheckIncludeFile.cxx
Linking CXX executable cmTC_d11e9
/usr/bin/cmake -E cmake_link_script CMakeFiles/cmTC_d11e9.dir/link.txt --verbose=1
/usr/bin/c++    -std=c++17 -fconcepts    CMakeFiles/cmTC_d11e9.dir/CheckIncludeFile.cxx.o  -o cmTC_d11e9 
make[1]: Leaving directory '/home/me/myseeder/build/CMakeFiles/CMakeTmp'



